<?xml version="1.0" encoding="UTF-8"?>
<!-- Generated by org.testng.reporters.JUnitXMLReporter -->
<testsuite ignored="0" hostname="Admin" failures="0" tests="4" name="Default test" time="9.868" errors="0" timestamp="2024-04-19T11:50:49 IST">
  <testcase classname="Api.testCases.UserTest" name="PostUserTest" time="3.441"/>
  <testcase classname="Api.testCases.UserTest" name="getUserTest" time="1.559"/>
  <testcase classname="Api.testCases.UserTest" name="updateUserTest" time="3.053"/>
  <testcase classname="Api.testCases.UserTest" name="deteleUserTest" time="1.537"/>
</testsuite> <!-- Default test -->
