<?xml version="1.0" encoding="UTF-8"?>
<!-- Generated by org.testng.reporters.JUnitXMLReporter -->
<testsuite ignored="0" hostname="Admin" failures="0" tests="4" name="Test" time="8.276" errors="0" timestamp="2024-04-22T14:32:28 IST">
  <testcase classname="Api.testCases.UserTest" name="PostUserTest" time="2.891"/>
  <testcase classname="Api.testCases.UserTest" name="getUserTest" time="1.122"/>
  <testcase classname="Api.testCases.UserTest" name="updateUserTest" time="2.254"/>
  <testcase classname="Api.testCases.UserTest" name="deteleUserTest" time="1.135"/>
</testsuite> <!-- Test -->
